2015 01 03 16:11:26 auto.py INFO 打开配置文件成功。。。
2015 01 03 16:11:26 auto.py INFO {'dir': 'dir\n', 'shutdown': 'shutdown -f -s -t 10 -c closing...\n'}
2015 01 03 16:11:26 auto.py INFO {'notepad': 'notepad', 'music': 'D:\\backup\\Music\\Intro.mp3'}
2015 01 03 16:11:26 auto.py INFO 初始化完成。
2015 01 03 16:11:31 auto.py INFO 进入邮件接收程序
2015 01 03 16:11:32 auto.py INFO 登录邮箱成功。
2015 01 03 16:14:07 auto.py INFO 打开配置文件成功。。。
2015 01 03 16:14:07 auto.py INFO {'dir': 'dir\n', 'shutdown': 'shutdown -f -s -t 10 -c closing...\n'}
2015 01 03 16:14:07 auto.py INFO {'notepad': 'notepad', 'music': 'D:\\backup\\Music\\Intro.mp3'}
2015 01 03 16:14:07 auto.py INFO 初始化完成。
2015 01 03 16:14:12 auto.py INFO 进入邮件接收程序
2015 01 03 16:14:13 auto.py INFO 登录邮箱成功。
2015 01 03 16:14:13 auto.py INFO 抓取subject和发件人成功
2015 01 03 16:14:13 auto.py INFO 处理命令部分
2015 01 03 16:14:13 auto.py INFO 开始发送邮件slave
2015 01 03 16:14:15 auto.py INFO 发送邮件结束slave
2015 01 03 16:14:15 auto.py INFO 打开文件
2015 01 03 16:14:15 auto.py INFO 开始发送邮件boss
2015 01 03 16:14:17 auto.py INFO 发送邮件结束boss
2015 01 03 16:14:17 auto.py INFO 打开文件成功
2015 01 03 16:14:22 auto.py INFO 进入邮件接收程序
2015 01 03 16:14:23 auto.py INFO 登录邮箱成功。
2015 01 03 16:14:23 auto.py INFO 抓取subject和发件人成功
2015 01 03 16:14:28 auto.py INFO 进入邮件接收程序
2015 01 03 16:14:28 auto.py INFO 登录邮箱成功。
2015 01 03 16:14:29 auto.py INFO 抓取subject和发件人成功
2015 01 03 16:14:34 auto.py INFO 进入邮件接收程序
2015 01 03 16:14:35 auto.py INFO 登录邮箱成功。
2015 01 03 16:14:35 auto.py INFO 抓取subject和发件人成功
2015 01 03 16:14:40 auto.py INFO 进入邮件接收程序
2015 01 03 16:14:41 auto.py INFO 登录邮箱成功。
2015 01 03 16:14:41 auto.py INFO 抓取subject和发件人成功
2015 01 03 16:14:46 auto.py INFO 进入邮件接收程序
2015 01 03 16:14:47 auto.py INFO 登录邮箱成功。
2015 01 03 16:14:47 auto.py INFO 抓取subject和发件人成功
2015 01 03 16:14:52 auto.py INFO 进入邮件接收程序
2015 01 03 16:14:53 auto.py INFO 登录邮箱成功。
2015 01 03 16:14:53 auto.py INFO 抓取subject和发件人成功
2015 01 03 16:14:58 auto.py INFO 进入邮件接收程序
2015 01 03 16:14:58 auto.py INFO 登录邮箱成功。
2015 01 03 16:14:59 auto.py INFO 抓取subject和发件人成功
